<?xml version="1.0" encoding="UTF-8"?>
<testsuite name="com.realdolmen.UtilitiesTest" tests="3" skipped="0" failures="0" errors="0" timestamp="2017-07-05T12:06:47" hostname="vdabs-iMac-70.local" time="0.001">
  <properties/>
  <testcase name="greatestCommonFactorReturnsOneAnyParameterIsZero" classname="com.realdolmen.UtilitiesTest" time="0.0"/>
  <testcase name="greatestCommonFactorReturnsGreatestCommonFactorForNormalValues" classname="com.realdolmen.UtilitiesTest" time="0.0"/>
  <testcase name="greatestCommonFactorAlwaysReturnsPositiveValues" classname="com.realdolmen.UtilitiesTest" time="0.0"/>
  <system-out><![CDATA[]]></system-out>
  <system-err><![CDATA[]]></system-err>
</testsuite>
